[INFO] [2017-05-05 21:05:47][org.springframework.beans.factory.xml.XmlBeanDefinitionReader]Loading XML bean definitions from class path resource [spring-mvc.xml]
[INFO] [2017-05-05 21:05:47][org.springframework.beans.factory.xml.XmlBeanDefinitionReader]Loading XML bean definitions from class path resource [spring-mybatis.xml]
[INFO] [2017-05-05 21:05:48][org.springframework.context.support.GenericApplicationContext]Refreshing org.springframework.context.support.GenericApplicationContext@5f375618: startup date [Fri May 05 21:05:48 CST 2017]; root of context hierarchy
[INFO] [2017-05-05 21:05:48][org.springframework.beans.factory.config.PropertyPlaceholderConfigurer]Loading properties file from class path resource [jdbc.properties]
[INFO] [2017-05-05 21:05:48][org.springframework.beans.factory.annotation.AutowiredAnnotationBeanPostProcessor]JSR-330 'javax.inject.Inject' annotation found and supported for autowiring
[INFO] [2017-05-05 21:05:50][org.springframework.context.support.GenericApplicationContext]Closing org.springframework.context.support.GenericApplicationContext@5f375618: startup date [Fri May 05 21:05:48 CST 2017]; root of context hierarchy
[INFO] [2017-05-05 21:08:26][org.springframework.beans.factory.xml.XmlBeanDefinitionReader]Loading XML bean definitions from class path resource [spring-mvc.xml]
[INFO] [2017-05-05 21:08:27][org.springframework.beans.factory.xml.XmlBeanDefinitionReader]Loading XML bean definitions from class path resource [spring-mybatis.xml]
[INFO] [2017-05-05 21:08:27][org.springframework.context.support.GenericApplicationContext]Refreshing org.springframework.context.support.GenericApplicationContext@5f375618: startup date [Fri May 05 21:08:27 CST 2017]; root of context hierarchy
[INFO] [2017-05-05 21:08:27][org.springframework.beans.factory.config.PropertyPlaceholderConfigurer]Loading properties file from class path resource [jdbc.properties]
[INFO] [2017-05-05 21:08:27][org.springframework.beans.factory.annotation.AutowiredAnnotationBeanPostProcessor]JSR-330 'javax.inject.Inject' annotation found and supported for autowiring
[INFO] [2017-05-05 21:08:29][org.springframework.context.support.GenericApplicationContext]Closing org.springframework.context.support.GenericApplicationContext@5f375618: startup date [Fri May 05 21:08:27 CST 2017]; root of context hierarchy
[INFO] [2017-05-05 21:08:56][org.springframework.beans.factory.xml.XmlBeanDefinitionReader]Loading XML bean definitions from class path resource [spring-mvc.xml]
[INFO] [2017-05-05 21:08:57][org.springframework.beans.factory.xml.XmlBeanDefinitionReader]Loading XML bean definitions from class path resource [spring-mybatis.xml]
[INFO] [2017-05-05 21:08:57][org.springframework.context.support.GenericApplicationContext]Refreshing org.springframework.context.support.GenericApplicationContext@5f375618: startup date [Fri May 05 21:08:57 CST 2017]; root of context hierarchy
[INFO] [2017-05-05 21:08:57][org.springframework.beans.factory.config.PropertyPlaceholderConfigurer]Loading properties file from class path resource [jdbc.properties]
[INFO] [2017-05-05 21:08:57][org.springframework.beans.factory.annotation.AutowiredAnnotationBeanPostProcessor]JSR-330 'javax.inject.Inject' annotation found and supported for autowiring
[INFO] [2017-05-05 21:08:59][org.springframework.context.support.GenericApplicationContext]Closing org.springframework.context.support.GenericApplicationContext@5f375618: startup date [Fri May 05 21:08:57 CST 2017]; root of context hierarchy
[INFO] [2017-05-05 21:09:16][org.springframework.beans.factory.xml.XmlBeanDefinitionReader]Loading XML bean definitions from class path resource [spring-mvc.xml]
[INFO] [2017-05-05 21:09:17][org.springframework.beans.factory.xml.XmlBeanDefinitionReader]Loading XML bean definitions from class path resource [spring-mybatis.xml]
[INFO] [2017-05-05 21:09:17][org.springframework.context.support.GenericApplicationContext]Refreshing org.springframework.context.support.GenericApplicationContext@23ceabc1: startup date [Fri May 05 21:09:17 CST 2017]; root of context hierarchy
[INFO] [2017-05-05 21:09:17][org.springframework.beans.factory.config.PropertyPlaceholderConfigurer]Loading properties file from class path resource [jdbc.properties]
[INFO] [2017-05-05 21:09:17][org.springframework.beans.factory.annotation.AutowiredAnnotationBeanPostProcessor]JSR-330 'javax.inject.Inject' annotation found and supported for autowiring
[INFO] [2017-05-05 21:09:19][org.springframework.context.support.GenericApplicationContext]Closing org.springframework.context.support.GenericApplicationContext@23ceabc1: startup date [Fri May 05 21:09:17 CST 2017]; root of context hierarchy
[INFO] [2017-05-05 21:09:32][org.springframework.beans.factory.xml.XmlBeanDefinitionReader]Loading XML bean definitions from class path resource [spring-mvc.xml]
[INFO] [2017-05-05 21:09:32][org.springframework.beans.factory.xml.XmlBeanDefinitionReader]Loading XML bean definitions from class path resource [spring-mybatis.xml]
[INFO] [2017-05-05 21:09:32][org.springframework.context.support.GenericApplicationContext]Refreshing org.springframework.context.support.GenericApplicationContext@5f375618: startup date [Fri May 05 21:09:32 CST 2017]; root of context hierarchy
[INFO] [2017-05-05 21:09:33][org.springframework.beans.factory.config.PropertyPlaceholderConfigurer]Loading properties file from class path resource [jdbc.properties]
[INFO] [2017-05-05 21:09:33][org.springframework.beans.factory.annotation.AutowiredAnnotationBeanPostProcessor]JSR-330 'javax.inject.Inject' annotation found and supported for autowiring
[INFO] [2017-05-05 21:09:35][org.springframework.context.support.GenericApplicationContext]Closing org.springframework.context.support.GenericApplicationContext@5f375618: startup date [Fri May 05 21:09:32 CST 2017]; root of context hierarchy
[INFO] [2017-05-10 21:49:51][org.springframework.beans.factory.xml.XmlBeanDefinitionReader]Loading XML bean definitions from class path resource [spring-mvc.xml]
[INFO] [2017-05-10 21:49:52][org.springframework.beans.factory.xml.XmlBeanDefinitionReader]Loading XML bean definitions from class path resource [spring-mybatis.xml]
[INFO] [2017-05-10 21:49:52][org.springframework.context.support.GenericApplicationContext]Refreshing org.springframework.context.support.GenericApplicationContext@5f375618: startup date [Wed May 10 21:49:52 CST 2017]; root of context hierarchy
[INFO] [2017-05-10 21:49:52][org.springframework.beans.factory.config.PropertyPlaceholderConfigurer]Loading properties file from class path resource [jdbc.properties]
[INFO] [2017-05-10 21:49:52][org.springframework.beans.factory.annotation.AutowiredAnnotationBeanPostProcessor]JSR-330 'javax.inject.Inject' annotation found and supported for autowiring
[ERROR] [2017-05-10 21:49:53][org.springframework.test.context.TestContextManager]Caught exception while allowing TestExecutionListener [org.springframework.test.context.support.DependencyInjectionTestExecutionListener@550ee7e5] to prepare test instance [edu.ustc.BestTest@5f9b2141]
java.lang.IllegalStateException: Failed to load ApplicationContext
	at org.springframework.test.context.CacheAwareContextLoaderDelegate.loadContext(CacheAwareContextLoaderDelegate.java:99)
	at org.springframework.test.context.DefaultTestContext.getApplicationContext(DefaultTestContext.java:101)
	at org.springframework.test.context.support.DependencyInjectionTestExecutionListener.injectDependencies(DependencyInjectionTestExecutionListener.java:109)
	at org.springframework.test.context.support.DependencyInjectionTestExecutionListener.prepareTestInstance(DependencyInjectionTestExecutionListener.java:75)
	at org.springframework.test.context.TestContextManager.prepareTestInstance(TestContextManager.java:319)
	at org.springframework.test.context.junit4.SpringJUnit4ClassRunner.createTest(SpringJUnit4ClassRunner.java:212)
	at org.springframework.test.context.junit4.SpringJUnit4ClassRunner$1.runReflectiveCall(SpringJUnit4ClassRunner.java:289)
	at org.junit.internal.runners.model.ReflectiveCallable.run(ReflectiveCallable.java:12)
	at org.springframework.test.context.junit4.SpringJUnit4ClassRunner.methodBlock(SpringJUnit4ClassRunner.java:291)
	at org.springframework.test.context.junit4.SpringJUnit4ClassRunner.runChild(SpringJUnit4ClassRunner.java:232)
	at org.springframework.test.context.junit4.SpringJUnit4ClassRunner.runChild(SpringJUnit4ClassRunner.java:89)
	at org.junit.runners.ParentRunner$3.run(ParentRunner.java:290)
	at org.junit.runners.ParentRunner$1.schedule(ParentRunner.java:71)
	at org.junit.runners.ParentRunner.runChildren(ParentRunner.java:288)
	at org.junit.runners.ParentRunner.access$000(ParentRunner.java:58)
	at org.junit.runners.ParentRunner$2.evaluate(ParentRunner.java:268)
	at org.springframework.test.context.junit4.statements.RunBeforeTestClassCallbacks.evaluate(RunBeforeTestClassCallbacks.java:61)
	at org.springframework.test.context.junit4.statements.RunAfterTestClassCallbacks.evaluate(RunAfterTestClassCallbacks.java:71)
	at org.junit.runners.ParentRunner.run(ParentRunner.java:363)
	at org.springframework.test.context.junit4.SpringJUnit4ClassRunner.run(SpringJUnit4ClassRunner.java:175)
	at org.eclipse.jdt.internal.junit4.runner.JUnit4TestReference.run(JUnit4TestReference.java:86)
	at org.eclipse.jdt.internal.junit.runner.TestExecution.run(TestExecution.java:38)
	at org.eclipse.jdt.internal.junit.runner.RemoteTestRunner.runTests(RemoteTestRunner.java:459)
	at org.eclipse.jdt.internal.junit.runner.RemoteTestRunner.runTests(RemoteTestRunner.java:678)
	at org.eclipse.jdt.internal.junit.runner.RemoteTestRunner.run(RemoteTestRunner.java:382)
	at org.eclipse.jdt.internal.junit.runner.RemoteTestRunner.main(RemoteTestRunner.java:192)
Caused by: org.springframework.beans.factory.BeanCreationException: Error creating bean with name 'mappingJacksonHttpMessageConverter' defined in class path resource [spring-mvc.xml]: Instantiation of bean failed; nested exception is org.springframework.beans.BeanInstantiationException: Could not instantiate bean class [org.springframework.http.converter.json.MappingJacksonHttpMessageConverter]: Constructor threw exception; nested exception is java.lang.NoClassDefFoundError: org/codehaus/jackson/map/ObjectMapper
	at org.springframework.beans.factory.support.AbstractAutowireCapableBeanFactory.instantiateBean(AbstractAutowireCapableBeanFactory.java:1076)
	at org.springframework.beans.factory.support.AbstractAutowireCapableBeanFactory.createBeanInstance(AbstractAutowireCapableBeanFactory.java:1021)
	at org.springframework.beans.factory.support.AbstractAutowireCapableBeanFactory.doCreateBean(AbstractAutowireCapableBeanFactory.java:504)
	at org.springframework.beans.factory.support.AbstractAutowireCapableBeanFactory.createBean(AbstractAutowireCapableBeanFactory.java:475)
	at org.springframework.beans.factory.support.AbstractBeanFactory$1.getObject(AbstractBeanFactory.java:304)
	at org.springframework.beans.factory.support.DefaultSingletonBeanRegistry.getSingleton(DefaultSingletonBeanRegistry.java:228)
	at org.springframework.beans.factory.support.AbstractBeanFactory.doGetBean(AbstractBeanFactory.java:300)
	at org.springframework.beans.factory.support.AbstractBeanFactory.getBean(AbstractBeanFactory.java:195)
	at org.springframework.beans.factory.support.DefaultListableBeanFactory.preInstantiateSingletons(DefaultListableBeanFactory.java:700)
	at org.springframework.context.support.AbstractApplicationContext.finishBeanFactoryInitialization(AbstractApplicationContext.java:760)
	at org.springframework.context.support.AbstractApplicationContext.refresh(AbstractApplicationContext.java:482)
	at org.springframework.test.context.support.AbstractGenericContextLoader.loadContext(AbstractGenericContextLoader.java:121)
	at org.springframework.test.context.support.AbstractGenericContextLoader.loadContext(AbstractGenericContextLoader.java:60)
	at org.springframework.test.context.support.AbstractDelegatingSmartContextLoader.delegateLoading(AbstractDelegatingSmartContextLoader.java:100)
	at org.springframework.test.context.support.AbstractDelegatingSmartContextLoader.loadContext(AbstractDelegatingSmartContextLoader.java:250)
	at org.springframework.test.context.CacheAwareContextLoaderDelegate.loadContextInternal(CacheAwareContextLoaderDelegate.java:64)
	at org.springframework.test.context.CacheAwareContextLoaderDelegate.loadContext(CacheAwareContextLoaderDelegate.java:91)
	... 25 more
Caused by: org.springframework.beans.BeanInstantiationException: Could not instantiate bean class [org.springframework.http.converter.json.MappingJacksonHttpMessageConverter]: Constructor threw exception; nested exception is java.lang.NoClassDefFoundError: org/codehaus/jackson/map/ObjectMapper
	at org.springframework.beans.BeanUtils.instantiateClass(BeanUtils.java:164)
	at org.springframework.beans.factory.support.SimpleInstantiationStrategy.instantiate(SimpleInstantiationStrategy.java:89)
	at org.springframework.beans.factory.support.AbstractAutowireCapableBeanFactory.instantiateBean(AbstractAutowireCapableBeanFactory.java:1069)
	... 41 more
Caused by: java.lang.NoClassDefFoundError: org/codehaus/jackson/map/ObjectMapper
	at org.springframework.http.converter.json.MappingJacksonHttpMessageConverter.<init>(MappingJacksonHttpMessageConverter.java:63)
	at sun.reflect.NativeConstructorAccessorImpl.newInstance0(Native Method)
	at sun.reflect.NativeConstructorAccessorImpl.newInstance(NativeConstructorAccessorImpl.java:62)
	at sun.reflect.DelegatingConstructorAccessorImpl.newInstance(DelegatingConstructorAccessorImpl.java:45)
	at java.lang.reflect.Constructor.newInstance(Constructor.java:423)
	at org.springframework.beans.BeanUtils.instantiateClass(BeanUtils.java:148)
	... 43 more
Caused by: java.lang.ClassNotFoundException: org.codehaus.jackson.map.ObjectMapper
	at java.net.URLClassLoader.findClass(URLClassLoader.java:381)
	at java.lang.ClassLoader.loadClass(ClassLoader.java:424)
	at sun.misc.Launcher$AppClassLoader.loadClass(Launcher.java:331)
	at java.lang.ClassLoader.loadClass(ClassLoader.java:357)
	... 49 more
[INFO] [2017-05-10 21:50:56][org.springframework.beans.factory.xml.XmlBeanDefinitionReader]Loading XML bean definitions from class path resource [spring-mvc.xml]
[INFO] [2017-05-10 21:50:56][org.springframework.beans.factory.xml.XmlBeanDefinitionReader]Loading XML bean definitions from class path resource [spring-mybatis.xml]
[INFO] [2017-05-10 21:50:56][org.springframework.context.support.GenericApplicationContext]Refreshing org.springframework.context.support.GenericApplicationContext@5f375618: startup date [Wed May 10 21:50:56 CST 2017]; root of context hierarchy
[INFO] [2017-05-10 21:50:56][org.springframework.beans.factory.config.PropertyPlaceholderConfigurer]Loading properties file from class path resource [jdbc.properties]
[INFO] [2017-05-10 21:50:56][org.springframework.beans.factory.annotation.AutowiredAnnotationBeanPostProcessor]JSR-330 'javax.inject.Inject' annotation found and supported for autowiring
[ERROR] [2017-05-10 21:50:56][org.springframework.test.context.TestContextManager]Caught exception while allowing TestExecutionListener [org.springframework.test.context.support.DependencyInjectionTestExecutionListener@550ee7e5] to prepare test instance [edu.ustc.BestTest@5f9b2141]
java.lang.IllegalStateException: Failed to load ApplicationContext
	at org.springframework.test.context.CacheAwareContextLoaderDelegate.loadContext(CacheAwareContextLoaderDelegate.java:99)
	at org.springframework.test.context.DefaultTestContext.getApplicationContext(DefaultTestContext.java:101)
	at org.springframework.test.context.support.DependencyInjectionTestExecutionListener.injectDependencies(DependencyInjectionTestExecutionListener.java:109)
	at org.springframework.test.context.support.DependencyInjectionTestExecutionListener.prepareTestInstance(DependencyInjectionTestExecutionListener.java:75)
	at org.springframework.test.context.TestContextManager.prepareTestInstance(TestContextManager.java:319)
	at org.springframework.test.context.junit4.SpringJUnit4ClassRunner.createTest(SpringJUnit4ClassRunner.java:212)
	at org.springframework.test.context.junit4.SpringJUnit4ClassRunner$1.runReflectiveCall(SpringJUnit4ClassRunner.java:289)
	at org.junit.internal.runners.model.ReflectiveCallable.run(ReflectiveCallable.java:12)
	at org.springframework.test.context.junit4.SpringJUnit4ClassRunner.methodBlock(SpringJUnit4ClassRunner.java:291)
	at org.springframework.test.context.junit4.SpringJUnit4ClassRunner.runChild(SpringJUnit4ClassRunner.java:232)
	at org.springframework.test.context.junit4.SpringJUnit4ClassRunner.runChild(SpringJUnit4ClassRunner.java:89)
	at org.junit.runners.ParentRunner$3.run(ParentRunner.java:290)
	at org.junit.runners.ParentRunner$1.schedule(ParentRunner.java:71)
	at org.junit.runners.ParentRunner.runChildren(ParentRunner.java:288)
	at org.junit.runners.ParentRunner.access$000(ParentRunner.java:58)
	at org.junit.runners.ParentRunner$2.evaluate(ParentRunner.java:268)
	at org.springframework.test.context.junit4.statements.RunBeforeTestClassCallbacks.evaluate(RunBeforeTestClassCallbacks.java:61)
	at org.springframework.test.context.junit4.statements.RunAfterTestClassCallbacks.evaluate(RunAfterTestClassCallbacks.java:71)
	at org.junit.runners.ParentRunner.run(ParentRunner.java:363)
	at org.springframework.test.context.junit4.SpringJUnit4ClassRunner.run(SpringJUnit4ClassRunner.java:175)
	at org.eclipse.jdt.internal.junit4.runner.JUnit4TestReference.run(JUnit4TestReference.java:86)
	at org.eclipse.jdt.internal.junit.runner.TestExecution.run(TestExecution.java:38)
	at org.eclipse.jdt.internal.junit.runner.RemoteTestRunner.runTests(RemoteTestRunner.java:459)
	at org.eclipse.jdt.internal.junit.runner.RemoteTestRunner.runTests(RemoteTestRunner.java:678)
	at org.eclipse.jdt.internal.junit.runner.RemoteTestRunner.run(RemoteTestRunner.java:382)
	at org.eclipse.jdt.internal.junit.runner.RemoteTestRunner.main(RemoteTestRunner.java:192)
Caused by: org.springframework.beans.factory.BeanCreationException: Error creating bean with name 'mappingJacksonHttpMessageConverter' defined in class path resource [spring-mvc.xml]: Instantiation of bean failed; nested exception is org.springframework.beans.BeanInstantiationException: Could not instantiate bean class [org.springframework.http.converter.json.MappingJacksonHttpMessageConverter]: Constructor threw exception; nested exception is java.lang.NoClassDefFoundError: org/codehaus/jackson/map/ObjectMapper
	at org.springframework.beans.factory.support.AbstractAutowireCapableBeanFactory.instantiateBean(AbstractAutowireCapableBeanFactory.java:1076)
	at org.springframework.beans.factory.support.AbstractAutowireCapableBeanFactory.createBeanInstance(AbstractAutowireCapableBeanFactory.java:1021)
	at org.springframework.beans.factory.support.AbstractAutowireCapableBeanFactory.doCreateBean(AbstractAutowireCapableBeanFactory.java:504)
	at org.springframework.beans.factory.support.AbstractAutowireCapableBeanFactory.createBean(AbstractAutowireCapableBeanFactory.java:475)
	at org.springframework.beans.factory.support.AbstractBeanFactory$1.getObject(AbstractBeanFactory.java:304)
	at org.springframework.beans.factory.support.DefaultSingletonBeanRegistry.getSingleton(DefaultSingletonBeanRegistry.java:228)
	at org.springframework.beans.factory.support.AbstractBeanFactory.doGetBean(AbstractBeanFactory.java:300)
	at org.springframework.beans.factory.support.AbstractBeanFactory.getBean(AbstractBeanFactory.java:195)
	at org.springframework.beans.factory.support.DefaultListableBeanFactory.preInstantiateSingletons(DefaultListableBeanFactory.java:700)
	at org.springframework.context.support.AbstractApplicationContext.finishBeanFactoryInitialization(AbstractApplicationContext.java:760)
	at org.springframework.context.support.AbstractApplicationContext.refresh(AbstractApplicationContext.java:482)
	at org.springframework.test.context.support.AbstractGenericContextLoader.loadContext(AbstractGenericContextLoader.java:121)
	at org.springframework.test.context.support.AbstractGenericContextLoader.loadContext(AbstractGenericContextLoader.java:60)
	at org.springframework.test.context.support.AbstractDelegatingSmartContextLoader.delegateLoading(AbstractDelegatingSmartContextLoader.java:100)
	at org.springframework.test.context.support.AbstractDelegatingSmartContextLoader.loadContext(AbstractDelegatingSmartContextLoader.java:250)
	at org.springframework.test.context.CacheAwareContextLoaderDelegate.loadContextInternal(CacheAwareContextLoaderDelegate.java:64)
	at org.springframework.test.context.CacheAwareContextLoaderDelegate.loadContext(CacheAwareContextLoaderDelegate.java:91)
	... 25 more
Caused by: org.springframework.beans.BeanInstantiationException: Could not instantiate bean class [org.springframework.http.converter.json.MappingJacksonHttpMessageConverter]: Constructor threw exception; nested exception is java.lang.NoClassDefFoundError: org/codehaus/jackson/map/ObjectMapper
	at org.springframework.beans.BeanUtils.instantiateClass(BeanUtils.java:164)
	at org.springframework.beans.factory.support.SimpleInstantiationStrategy.instantiate(SimpleInstantiationStrategy.java:89)
	at org.springframework.beans.factory.support.AbstractAutowireCapableBeanFactory.instantiateBean(AbstractAutowireCapableBeanFactory.java:1069)
	... 41 more
Caused by: java.lang.NoClassDefFoundError: org/codehaus/jackson/map/ObjectMapper
	at org.springframework.http.converter.json.MappingJacksonHttpMessageConverter.<init>(MappingJacksonHttpMessageConverter.java:63)
	at sun.reflect.NativeConstructorAccessorImpl.newInstance0(Native Method)
	at sun.reflect.NativeConstructorAccessorImpl.newInstance(NativeConstructorAccessorImpl.java:62)
	at sun.reflect.DelegatingConstructorAccessorImpl.newInstance(DelegatingConstructorAccessorImpl.java:45)
	at java.lang.reflect.Constructor.newInstance(Constructor.java:423)
	at org.springframework.beans.BeanUtils.instantiateClass(BeanUtils.java:148)
	... 43 more
Caused by: java.lang.ClassNotFoundException: org.codehaus.jackson.map.ObjectMapper
	at java.net.URLClassLoader.findClass(URLClassLoader.java:381)
	at java.lang.ClassLoader.loadClass(ClassLoader.java:424)
	at sun.misc.Launcher$AppClassLoader.loadClass(Launcher.java:331)
	at java.lang.ClassLoader.loadClass(ClassLoader.java:357)
	... 49 more
[INFO] [2017-05-10 22:04:46][org.springframework.beans.factory.xml.XmlBeanDefinitionReader]Loading XML bean definitions from class path resource [spring-mvc.xml]
[INFO] [2017-05-10 22:04:47][org.springframework.beans.factory.xml.XmlBeanDefinitionReader]Loading XML bean definitions from class path resource [spring-mybatis.xml]
[INFO] [2017-05-10 22:04:48][org.springframework.context.support.GenericApplicationContext]Refreshing org.springframework.context.support.GenericApplicationContext@5f375618: startup date [Wed May 10 22:04:48 CST 2017]; root of context hierarchy
[INFO] [2017-05-10 22:04:49][org.springframework.beans.factory.config.PropertyPlaceholderConfigurer]Loading properties file from class path resource [jdbc.properties]
[INFO] [2017-05-10 22:04:49][org.springframework.beans.factory.annotation.AutowiredAnnotationBeanPostProcessor]JSR-330 'javax.inject.Inject' annotation found and supported for autowiring
[ERROR] [2017-05-10 22:04:51][org.springframework.test.context.TestContextManager]Caught exception while allowing TestExecutionListener [org.springframework.test.context.support.DependencyInjectionTestExecutionListener@550ee7e5] to prepare test instance [edu.ustc.BestTest@5f9b2141]
java.lang.IllegalStateException: Failed to load ApplicationContext
	at org.springframework.test.context.CacheAwareContextLoaderDelegate.loadContext(CacheAwareContextLoaderDelegate.java:99)
	at org.springframework.test.context.DefaultTestContext.getApplicationContext(DefaultTestContext.java:101)
	at org.springframework.test.context.support.DependencyInjectionTestExecutionListener.injectDependencies(DependencyInjectionTestExecutionListener.java:109)
	at org.springframework.test.context.support.DependencyInjectionTestExecutionListener.prepareTestInstance(DependencyInjectionTestExecutionListener.java:75)
	at org.springframework.test.context.TestContextManager.prepareTestInstance(TestContextManager.java:319)
	at org.springframework.test.context.junit4.SpringJUnit4ClassRunner.createTest(SpringJUnit4ClassRunner.java:212)
	at org.springframework.test.context.junit4.SpringJUnit4ClassRunner$1.runReflectiveCall(SpringJUnit4ClassRunner.java:289)
	at org.junit.internal.runners.model.ReflectiveCallable.run(ReflectiveCallable.java:12)
	at org.springframework.test.context.junit4.SpringJUnit4ClassRunner.methodBlock(SpringJUnit4ClassRunner.java:291)
	at org.springframework.test.context.junit4.SpringJUnit4ClassRunner.runChild(SpringJUnit4ClassRunner.java:232)
	at org.springframework.test.context.junit4.SpringJUnit4ClassRunner.runChild(SpringJUnit4ClassRunner.java:89)
	at org.junit.runners.ParentRunner$3.run(ParentRunner.java:290)
	at org.junit.runners.ParentRunner$1.schedule(ParentRunner.java:71)
	at org.junit.runners.ParentRunner.runChildren(ParentRunner.java:288)
	at org.junit.runners.ParentRunner.access$000(ParentRunner.java:58)
	at org.junit.runners.ParentRunner$2.evaluate(ParentRunner.java:268)
	at org.springframework.test.context.junit4.statements.RunBeforeTestClassCallbacks.evaluate(RunBeforeTestClassCallbacks.java:61)
	at org.springframework.test.context.junit4.statements.RunAfterTestClassCallbacks.evaluate(RunAfterTestClassCallbacks.java:71)
	at org.junit.runners.ParentRunner.run(ParentRunner.java:363)
	at org.springframework.test.context.junit4.SpringJUnit4ClassRunner.run(SpringJUnit4ClassRunner.java:175)
	at org.eclipse.jdt.internal.junit4.runner.JUnit4TestReference.run(JUnit4TestReference.java:86)
	at org.eclipse.jdt.internal.junit.runner.TestExecution.run(TestExecution.java:38)
	at org.eclipse.jdt.internal.junit.runner.RemoteTestRunner.runTests(RemoteTestRunner.java:459)
	at org.eclipse.jdt.internal.junit.runner.RemoteTestRunner.runTests(RemoteTestRunner.java:678)
	at org.eclipse.jdt.internal.junit.runner.RemoteTestRunner.run(RemoteTestRunner.java:382)
	at org.eclipse.jdt.internal.junit.runner.RemoteTestRunner.main(RemoteTestRunner.java:192)
Caused by: org.springframework.beans.factory.BeanCreationException: Error creating bean with name 'mappingJacksonHttpMessageConverter' defined in class path resource [spring-mvc.xml]: Instantiation of bean failed; nested exception is org.springframework.beans.BeanInstantiationException: Could not instantiate bean class [org.springframework.http.converter.json.MappingJacksonHttpMessageConverter]: Constructor threw exception; nested exception is java.lang.NoClassDefFoundError: org/codehaus/jackson/map/ObjectMapper
	at org.springframework.beans.factory.support.AbstractAutowireCapableBeanFactory.instantiateBean(AbstractAutowireCapableBeanFactory.java:1076)
	at org.springframework.beans.factory.support.AbstractAutowireCapableBeanFactory.createBeanInstance(AbstractAutowireCapableBeanFactory.java:1021)
	at org.springframework.beans.factory.support.AbstractAutowireCapableBeanFactory.doCreateBean(AbstractAutowireCapableBeanFactory.java:504)
	at org.springframework.beans.factory.support.AbstractAutowireCapableBeanFactory.createBean(AbstractAutowireCapableBeanFactory.java:475)
	at org.springframework.beans.factory.support.AbstractBeanFactory$1.getObject(AbstractBeanFactory.java:304)
	at org.springframework.beans.factory.support.DefaultSingletonBeanRegistry.getSingleton(DefaultSingletonBeanRegistry.java:228)
	at org.springframework.beans.factory.support.AbstractBeanFactory.doGetBean(AbstractBeanFactory.java:300)
	at org.springframework.beans.factory.support.AbstractBeanFactory.getBean(AbstractBeanFactory.java:195)
	at org.springframework.beans.factory.support.DefaultListableBeanFactory.preInstantiateSingletons(DefaultListableBeanFactory.java:700)
	at org.springframework.context.support.AbstractApplicationContext.finishBeanFactoryInitialization(AbstractApplicationContext.java:760)
	at org.springframework.context.support.AbstractApplicationContext.refresh(AbstractApplicationContext.java:482)
	at org.springframework.test.context.support.AbstractGenericContextLoader.loadContext(AbstractGenericContextLoader.java:121)
	at org.springframework.test.context.support.AbstractGenericContextLoader.loadContext(AbstractGenericContextLoader.java:60)
	at org.springframework.test.context.support.AbstractDelegatingSmartContextLoader.delegateLoading(AbstractDelegatingSmartContextLoader.java:100)
	at org.springframework.test.context.support.AbstractDelegatingSmartContextLoader.loadContext(AbstractDelegatingSmartContextLoader.java:250)
	at org.springframework.test.context.CacheAwareContextLoaderDelegate.loadContextInternal(CacheAwareContextLoaderDelegate.java:64)
	at org.springframework.test.context.CacheAwareContextLoaderDelegate.loadContext(CacheAwareContextLoaderDelegate.java:91)
	... 25 more
Caused by: org.springframework.beans.BeanInstantiationException: Could not instantiate bean class [org.springframework.http.converter.json.MappingJacksonHttpMessageConverter]: Constructor threw exception; nested exception is java.lang.NoClassDefFoundError: org/codehaus/jackson/map/ObjectMapper
	at org.springframework.beans.BeanUtils.instantiateClass(BeanUtils.java:164)
	at org.springframework.beans.factory.support.SimpleInstantiationStrategy.instantiate(SimpleInstantiationStrategy.java:89)
	at org.springframework.beans.factory.support.AbstractAutowireCapableBeanFactory.instantiateBean(AbstractAutowireCapableBeanFactory.java:1069)
	... 41 more
Caused by: java.lang.NoClassDefFoundError: org/codehaus/jackson/map/ObjectMapper
	at org.springframework.http.converter.json.MappingJacksonHttpMessageConverter.<init>(MappingJacksonHttpMessageConverter.java:63)
	at sun.reflect.NativeConstructorAccessorImpl.newInstance0(Native Method)
	at sun.reflect.NativeConstructorAccessorImpl.newInstance(NativeConstructorAccessorImpl.java:62)
	at sun.reflect.DelegatingConstructorAccessorImpl.newInstance(DelegatingConstructorAccessorImpl.java:45)
	at java.lang.reflect.Constructor.newInstance(Constructor.java:423)
	at org.springframework.beans.BeanUtils.instantiateClass(BeanUtils.java:148)
	... 43 more
Caused by: java.lang.ClassNotFoundException: org.codehaus.jackson.map.ObjectMapper
	at java.net.URLClassLoader.findClass(URLClassLoader.java:381)
	at java.lang.ClassLoader.loadClass(ClassLoader.java:424)
	at sun.misc.Launcher$AppClassLoader.loadClass(Launcher.java:331)
	at java.lang.ClassLoader.loadClass(ClassLoader.java:357)
	... 49 more
[INFO] [2017-05-17 00:45:51][org.springframework.beans.factory.xml.XmlBeanDefinitionReader]Loading XML bean definitions from class path resource [spring-mvc.xml]
[INFO] [2017-05-17 00:45:52][org.springframework.beans.factory.xml.XmlBeanDefinitionReader]Loading XML bean definitions from class path resource [spring-mybatis.xml]
[INFO] [2017-05-17 00:45:52][org.springframework.context.support.GenericApplicationContext]Refreshing org.springframework.context.support.GenericApplicationContext@5f375618: startup date [Wed May 17 00:45:52 CST 2017]; root of context hierarchy
[INFO] [2017-05-17 00:45:53][org.springframework.beans.factory.config.PropertyPlaceholderConfigurer]Loading properties file from class path resource [jdbc.properties]
[INFO] [2017-05-17 00:45:53][org.springframework.beans.factory.annotation.AutowiredAnnotationBeanPostProcessor]JSR-330 'javax.inject.Inject' annotation found and supported for autowiring
[INFO] [2017-05-17 00:45:54][org.springframework.web.servlet.mvc.method.annotation.RequestMappingHandlerMapping]Mapped "{[/manager/login],methods=[POST],params=[],headers=[],consumes=[],produces=[],custom=[]}" onto private java.lang.String edu.ustc.controller.ManagerController.login(javax.servlet.http.HttpServletRequest,org.springframework.ui.Model)
[INFO] [2017-05-17 00:45:54][org.springframework.web.servlet.mvc.method.annotation.RequestMappingHandlerMapping]Mapped "{[/user/register],methods=[POST],params=[],headers=[],consumes=[],produces=[],custom=[]}" onto private java.lang.String edu.ustc.controller.UserController.register(javax.servlet.http.HttpServletRequest,org.springframework.ui.Model)
[INFO] [2017-05-17 00:45:54][org.springframework.web.servlet.mvc.method.annotation.RequestMappingHandlerMapping]Mapped "{[/user/login],methods=[POST],params=[],headers=[],consumes=[],produces=[],custom=[]}" onto private java.lang.String edu.ustc.controller.UserController.login(javax.servlet.http.HttpServletRequest,org.springframework.ui.Model)
[INFO] [2017-05-17 00:45:54][org.springframework.web.servlet.mvc.method.annotation.RequestMappingHandlerMapping]Mapped "{[/user/client/getUser],methods=[POST],params=[],headers=[],consumes=[],produces=[],custom=[]}" onto private java.util.HashMap<java.lang.String, java.lang.Object> edu.ustc.controller.UserController.client_getUser(javax.servlet.http.HttpServletRequest,org.springframework.ui.Model)
[INFO] [2017-05-17 00:45:54][org.springframework.web.servlet.mvc.method.annotation.RequestMappingHandlerMapping]Mapped "{[/user/client/register],methods=[POST],params=[],headers=[],consumes=[],produces=[],custom=[]}" onto private boolean edu.ustc.controller.UserController.client_register(javax.servlet.http.HttpServletRequest,org.springframework.ui.Model)
[INFO] [2017-05-17 00:45:54][org.springframework.web.servlet.mvc.method.annotation.RequestMappingHandlerMapping]Mapped "{[/user/client/login],methods=[POST],params=[],headers=[],consumes=[],produces=[],custom=[]}" onto private java.util.HashMap<java.lang.String, java.lang.Object> edu.ustc.controller.UserController.client_login(javax.servlet.http.HttpServletRequest,org.springframework.ui.Model)
[INFO] [2017-05-17 00:45:56][org.springframework.context.support.GenericApplicationContext]Closing org.springframework.context.support.GenericApplicationContext@5f375618: startup date [Wed May 17 00:45:52 CST 2017]; root of context hierarchy
[INFO] [2017-05-23 20:37:47][org.springframework.beans.factory.xml.XmlBeanDefinitionReader]Loading XML bean definitions from class path resource [spring-mvc.xml]
[INFO] [2017-05-23 20:37:47][org.springframework.beans.factory.xml.XmlBeanDefinitionReader]Loading XML bean definitions from class path resource [spring-mybatis.xml]
[INFO] [2017-05-23 20:37:48][org.springframework.context.support.GenericApplicationContext]Refreshing org.springframework.context.support.GenericApplicationContext@32d992b2: startup date [Tue May 23 20:37:48 CST 2017]; root of context hierarchy
[INFO] [2017-05-23 20:37:48][org.springframework.beans.factory.config.PropertyPlaceholderConfigurer]Loading properties file from class path resource [jdbc.properties]
[INFO] [2017-05-23 20:37:48][org.springframework.beans.factory.annotation.AutowiredAnnotationBeanPostProcessor]JSR-330 'javax.inject.Inject' annotation found and supported for autowiring
[INFO] [2017-05-23 20:37:49][org.springframework.web.servlet.handler.SimpleUrlHandlerMapping]Mapped URL path [/images/**] onto handler 'org.springframework.web.servlet.resource.ResourceHttpRequestHandler#0'
[INFO] [2017-05-23 20:37:49][org.springframework.web.servlet.handler.SimpleUrlHandlerMapping]Mapped URL path [/js/**] onto handler 'org.springframework.web.servlet.resource.ResourceHttpRequestHandler#1'
[INFO] [2017-05-23 20:37:49][org.springframework.web.servlet.handler.SimpleUrlHandlerMapping]Mapped URL path [/css/**] onto handler 'org.springframework.web.servlet.resource.ResourceHttpRequestHandler#2'
[INFO] [2017-05-23 20:37:49][org.springframework.web.servlet.handler.SimpleUrlHandlerMapping]Mapped URL path [/fonts/**] onto handler 'org.springframework.web.servlet.resource.ResourceHttpRequestHandler#3'
[INFO] [2017-05-23 20:37:49][org.springframework.web.servlet.mvc.method.annotation.RequestMappingHandlerMapping]Mapped "{[/device/client/upload],methods=[POST],params=[],headers=[],consumes=[],produces=[],custom=[]}" onto private int edu.ustc.controller.DeviceController.upload(javax.servlet.http.HttpServletRequest,org.springframework.ui.Model)
[INFO] [2017-05-23 20:37:49][org.springframework.web.servlet.mvc.method.annotation.RequestMappingHandlerMapping]Mapped "{[/manager/index],methods=[],params=[],headers=[],consumes=[],produces=[],custom=[]}" onto private java.lang.String edu.ustc.controller.ManagerController.index(org.springframework.ui.Model)
[INFO] [2017-05-23 20:37:49][org.springframework.web.servlet.mvc.method.annotation.RequestMappingHandlerMapping]Mapped "{[/manager/login],methods=[],params=[],headers=[],consumes=[],produces=[],custom=[]}" onto private java.lang.String edu.ustc.controller.ManagerController.login()
[INFO] [2017-05-23 20:37:49][org.springframework.web.servlet.mvc.method.annotation.RequestMappingHandlerMapping]Mapped "{[/manager/getManager],methods=[],params=[],headers=[],consumes=[],produces=[],custom=[]}" onto private java.lang.String edu.ustc.controller.ManagerController.getManager(int)
[INFO] [2017-05-23 20:37:49][org.springframework.web.servlet.mvc.method.annotation.RequestMappingHandlerMapping]Mapped "{[/manager/getManagers],methods=[],params=[],headers=[],consumes=[],produces=[],custom=[]}" onto public java.util.List<edu.ustc.model.Manager> edu.ustc.controller.ManagerController.getManagers()
[INFO] [2017-05-23 20:37:49][org.springframework.web.servlet.mvc.method.annotation.RequestMappingHandlerMapping]Mapped "{[/manager/addManager],methods=[],params=[],headers=[],consumes=[],produces=[],custom=[]}" onto private java.lang.String edu.ustc.controller.ManagerController.addManager(edu.ustc.model.Manager)
[INFO] [2017-05-23 20:37:49][org.springframework.web.servlet.mvc.method.annotation.RequestMappingHandlerMapping]Mapped "{[/manager/addPrompt],methods=[],params=[],headers=[],consumes=[],produces=[],custom=[]}" onto private java.lang.String edu.ustc.controller.ManagerController.addPrompt(edu.ustc.model.Manager)
[INFO] [2017-05-23 20:37:49][org.springframework.web.servlet.mvc.method.annotation.RequestMappingHandlerMapping]Mapped "{[/manager/doLogin],methods=[],params=[],headers=[],consumes=[],produces=[],custom=[]}" onto private java.lang.String edu.ustc.controller.ManagerController.doLogin(java.lang.String,java.lang.String)
[INFO] [2017-05-23 20:37:49][org.springframework.web.servlet.mvc.method.annotation.RequestMappingHandlerMapping]Mapped "{[/manager/deleteManager],methods=[],params=[],headers=[],consumes=[],produces=[],custom=[]}" onto private java.lang.String edu.ustc.controller.ManagerController.deleteManager(int)
[INFO] [2017-05-23 20:37:49][org.springframework.web.servlet.mvc.method.annotation.RequestMappingHandlerMapping]Mapped "{[/manager/updateManager],methods=[],params=[],headers=[],consumes=[],produces=[],custom=[]}" onto private java.lang.String edu.ustc.controller.ManagerController.updateManager(edu.ustc.model.Manager)
[INFO] [2017-05-23 20:37:49][org.springframework.web.servlet.mvc.method.annotation.RequestMappingHandlerMapping]Mapped "{[/usage_stats/client/upload],methods=[POST],params=[],headers=[],consumes=[],produces=[],custom=[]}" onto private void edu.ustc.controller.UsageStatsController.login(javax.servlet.http.HttpServletRequest,org.springframework.ui.Model)
[INFO] [2017-05-23 20:37:49][org.springframework.web.servlet.mvc.method.annotation.RequestMappingHandlerMapping]Mapped "{[/user/index],methods=[],params=[],headers=[],consumes=[],produces=[],custom=[]}" onto private java.lang.String edu.ustc.controller.UserController.index(org.springframework.ui.Model)
[INFO] [2017-05-23 20:37:49][org.springframework.web.servlet.mvc.method.annotation.RequestMappingHandlerMapping]Mapped "{[/user/register],methods=[POST],params=[],headers=[],consumes=[],produces=[],custom=[]}" onto private java.lang.String edu.ustc.controller.UserController.register(javax.servlet.http.HttpServletRequest,org.springframework.ui.Model)
[INFO] [2017-05-23 20:37:49][org.springframework.web.servlet.mvc.method.annotation.RequestMappingHandlerMapping]Mapped "{[/user/getUsers],methods=[POST],params=[],headers=[],consumes=[],produces=[],custom=[]}" onto private java.util.List<edu.ustc.model.User> edu.ustc.controller.UserController.getUsers(javax.servlet.http.HttpServletRequest,org.springframework.ui.Model)
[INFO] [2017-05-23 20:37:49][org.springframework.web.servlet.mvc.method.annotation.RequestMappingHandlerMapping]Mapped "{[/user/login],methods=[POST],params=[],headers=[],consumes=[],produces=[],custom=[]}" onto private java.lang.String edu.ustc.controller.UserController.login(javax.servlet.http.HttpServletRequest,org.springframework.ui.Model)
[INFO] [2017-05-23 20:37:49][org.springframework.web.servlet.mvc.method.annotation.RequestMappingHandlerMapping]Mapped "{[/user/addUser],methods=[POST],params=[],headers=[],consumes=[],produces=[],custom=[]}" onto private java.lang.String edu.ustc.controller.UserController.addUser(javax.servlet.http.HttpServletRequest,org.springframework.ui.Model)
[INFO] [2017-05-23 20:37:49][org.springframework.web.servlet.mvc.method.annotation.RequestMappingHandlerMapping]Mapped "{[/user/client/getUser],methods=[POST],params=[],headers=[],consumes=[],produces=[],custom=[]}" onto private java.util.HashMap<java.lang.String, java.lang.Object> edu.ustc.controller.UserController.client_getUser(javax.servlet.http.HttpServletRequest,org.springframework.ui.Model)
[INFO] [2017-05-23 20:37:49][org.springframework.web.servlet.mvc.method.annotation.RequestMappingHandlerMapping]Mapped "{[/user/client/login],methods=[POST],params=[],headers=[],consumes=[],produces=[],custom=[]}" onto private java.util.HashMap<java.lang.String, java.lang.Object> edu.ustc.controller.UserController.client_login(javax.servlet.http.HttpServletRequest,org.springframework.ui.Model)
[INFO] [2017-05-23 20:37:49][org.springframework.web.servlet.mvc.method.annotation.RequestMappingHandlerMapping]Mapped "{[/user/client/register],methods=[POST],params=[],headers=[],consumes=[],produces=[],custom=[]}" onto private boolean edu.ustc.controller.UserController.client_register(javax.servlet.http.HttpServletRequest,org.springframework.ui.Model)
[INFO] [2017-05-23 20:37:50][org.springframework.context.support.GenericApplicationContext]Closing org.springframework.context.support.GenericApplicationContext@32d992b2: startup date [Tue May 23 20:37:48 CST 2017]; root of context hierarchy
[INFO] [2017-05-24 16:03:39][org.springframework.beans.factory.xml.XmlBeanDefinitionReader]Loading XML bean definitions from class path resource [spring-mvc.xml]
[INFO] [2017-05-24 16:03:39][org.springframework.beans.factory.xml.XmlBeanDefinitionReader]Loading XML bean definitions from class path resource [spring-mybatis.xml]
[INFO] [2017-05-24 16:03:39][org.springframework.context.support.GenericApplicationContext]Refreshing org.springframework.context.support.GenericApplicationContext@32d992b2: startup date [Wed May 24 16:03:39 CST 2017]; root of context hierarchy
[INFO] [2017-05-24 16:03:40][org.springframework.beans.factory.config.PropertyPlaceholderConfigurer]Loading properties file from class path resource [jdbc.properties]
[INFO] [2017-05-24 16:03:40][org.springframework.beans.factory.annotation.AutowiredAnnotationBeanPostProcessor]JSR-330 'javax.inject.Inject' annotation found and supported for autowiring
[INFO] [2017-05-24 16:03:40][org.springframework.web.servlet.handler.SimpleUrlHandlerMapping]Mapped URL path [/tables/**] onto handler 'org.springframework.web.servlet.resource.ResourceHttpRequestHandler#0'
[INFO] [2017-05-24 16:03:40][org.springframework.web.servlet.handler.SimpleUrlHandlerMapping]Mapped URL path [/js/**] onto handler 'org.springframework.web.servlet.resource.ResourceHttpRequestHandler#1'
[INFO] [2017-05-24 16:03:40][org.springframework.web.servlet.handler.SimpleUrlHandlerMapping]Mapped URL path [/css/**] onto handler 'org.springframework.web.servlet.resource.ResourceHttpRequestHandler#2'
[INFO] [2017-05-24 16:03:40][org.springframework.web.servlet.handler.SimpleUrlHandlerMapping]Mapped URL path [/fonts/**] onto handler 'org.springframework.web.servlet.resource.ResourceHttpRequestHandler#3'
[INFO] [2017-05-24 16:03:40][org.springframework.web.servlet.mvc.method.annotation.RequestMappingHandlerMapping]Mapped "{[/device/client/upload],methods=[POST],params=[],headers=[],consumes=[],produces=[],custom=[]}" onto private int edu.ustc.controller.DeviceController.upload(javax.servlet.http.HttpServletRequest,org.springframework.ui.Model)
[INFO] [2017-05-24 16:03:40][org.springframework.web.servlet.mvc.method.annotation.RequestMappingHandlerMapping]Mapped "{[/manager/index],methods=[],params=[],headers=[],consumes=[],produces=[],custom=[]}" onto private java.lang.String edu.ustc.controller.ManagerController.index(org.springframework.ui.Model)
[INFO] [2017-05-24 16:03:40][org.springframework.web.servlet.mvc.method.annotation.RequestMappingHandlerMapping]Mapped "{[/manager/addManager],methods=[],params=[],headers=[],consumes=[],produces=[],custom=[]}" onto private java.lang.String edu.ustc.controller.ManagerController.addManager(edu.ustc.model.Manager)
[INFO] [2017-05-24 16:03:40][org.springframework.web.servlet.mvc.method.annotation.RequestMappingHandlerMapping]Mapped "{[/manager/getManagers],methods=[],params=[],headers=[],consumes=[],produces=[],custom=[]}" onto public java.util.List<edu.ustc.model.Manager> edu.ustc.controller.ManagerController.getManagers()
[INFO] [2017-05-24 16:03:40][org.springframework.web.servlet.mvc.method.annotation.RequestMappingHandlerMapping]Mapped "{[/manager/doLogin],methods=[],params=[],headers=[],consumes=[],produces=[],custom=[]}" onto private java.lang.String edu.ustc.controller.ManagerController.doLogin(java.lang.String,java.lang.String)
[INFO] [2017-05-24 16:03:40][org.springframework.web.servlet.mvc.method.annotation.RequestMappingHandlerMapping]Mapped "{[/manager/addPrompt],methods=[],params=[],headers=[],consumes=[],produces=[],custom=[]}" onto private java.lang.String edu.ustc.controller.ManagerController.addPrompt(edu.ustc.model.Manager)
[INFO] [2017-05-24 16:03:40][org.springframework.web.servlet.mvc.method.annotation.RequestMappingHandlerMapping]Mapped "{[/manager/updateManager],methods=[],params=[],headers=[],consumes=[],produces=[],custom=[]}" onto private java.lang.String edu.ustc.controller.ManagerController.updateManager(edu.ustc.model.Manager)
[INFO] [2017-05-24 16:03:40][org.springframework.web.servlet.mvc.method.annotation.RequestMappingHandlerMapping]Mapped "{[/manager/deleteManager],methods=[],params=[],headers=[],consumes=[],produces=[],custom=[]}" onto private java.lang.String edu.ustc.controller.ManagerController.deleteManager(int)
[INFO] [2017-05-24 16:03:40][org.springframework.web.servlet.mvc.method.annotation.RequestMappingHandlerMapping]Mapped "{[/manager/getManager],methods=[],params=[],headers=[],consumes=[],produces=[],custom=[]}" onto private java.lang.String edu.ustc.controller.ManagerController.getManager(int)
[INFO] [2017-05-24 16:03:40][org.springframework.web.servlet.mvc.method.annotation.RequestMappingHandlerMapping]Mapped "{[/manager/login],methods=[],params=[],headers=[],consumes=[],produces=[],custom=[]}" onto private java.lang.String edu.ustc.controller.ManagerController.login()
[INFO] [2017-05-24 16:03:40][org.springframework.web.servlet.mvc.method.annotation.RequestMappingHandlerMapping]Mapped "{[/usage_stats/client/upload],methods=[POST],params=[],headers=[],consumes=[],produces=[],custom=[]}" onto private void edu.ustc.controller.UsageStatsController.login(javax.servlet.http.HttpServletRequest,org.springframework.ui.Model)
[INFO] [2017-05-24 16:03:40][org.springframework.web.servlet.mvc.method.annotation.RequestMappingHandlerMapping]Mapped "{[/user/index],methods=[],params=[],headers=[],consumes=[],produces=[],custom=[]}" onto private java.lang.String edu.ustc.controller.UserController.index(org.springframework.ui.Model)
[INFO] [2017-05-24 16:03:40][org.springframework.web.servlet.mvc.method.annotation.RequestMappingHandlerMapping]Mapped "{[/user/register],methods=[POST],params=[],headers=[],consumes=[],produces=[],custom=[]}" onto private java.lang.String edu.ustc.controller.UserController.register(javax.servlet.http.HttpServletRequest,org.springframework.ui.Model)
[INFO] [2017-05-24 16:03:40][org.springframework.web.servlet.mvc.method.annotation.RequestMappingHandlerMapping]Mapped "{[/user/getUsers],methods=[POST || GET],params=[],headers=[],consumes=[],produces=[],custom=[]}" onto private java.util.List<edu.ustc.model.User> edu.ustc.controller.UserController.getUsers(javax.servlet.http.HttpServletRequest,org.springframework.ui.Model)
[INFO] [2017-05-24 16:03:40][org.springframework.web.servlet.mvc.method.annotation.RequestMappingHandlerMapping]Mapped "{[/user/deleteUser],methods=[POST || GET],params=[],headers=[],consumes=[],produces=[],custom=[]}" onto private java.lang.String edu.ustc.controller.UserController.deleteUser(javax.servlet.http.HttpServletRequest,org.springframework.ui.Model)
[INFO] [2017-05-24 16:03:40][org.springframework.web.servlet.mvc.method.annotation.RequestMappingHandlerMapping]Mapped "{[/user/addUser],methods=[POST || GET],params=[],headers=[],consumes=[],produces=[],custom=[]}" onto private java.lang.String edu.ustc.controller.UserController.addUser(javax.servlet.http.HttpServletRequest,org.springframework.ui.Model)
[INFO] [2017-05-24 16:03:40][org.springframework.web.servlet.mvc.method.annotation.RequestMappingHandlerMapping]Mapped "{[/user/client/getUser],methods=[POST],params=[],headers=[],consumes=[],produces=[],custom=[]}" onto private java.util.HashMap<java.lang.String, java.lang.Object> edu.ustc.controller.UserController.client_getUser(javax.servlet.http.HttpServletRequest,org.springframework.ui.Model)
[INFO] [2017-05-24 16:03:40][org.springframework.web.servlet.mvc.method.annotation.RequestMappingHandlerMapping]Mapped "{[/user/client/login],methods=[POST],params=[],headers=[],consumes=[],produces=[],custom=[]}" onto private java.util.HashMap<java.lang.String, java.lang.Object> edu.ustc.controller.UserController.client_login(javax.servlet.http.HttpServletRequest,org.springframework.ui.Model)
[INFO] [2017-05-24 16:03:40][org.springframework.web.servlet.mvc.method.annotation.RequestMappingHandlerMapping]Mapped "{[/user/client/register],methods=[POST],params=[],headers=[],consumes=[],produces=[],custom=[]}" onto private boolean edu.ustc.controller.UserController.client_register(javax.servlet.http.HttpServletRequest,org.springframework.ui.Model)
[INFO] [2017-05-24 16:03:40][org.springframework.web.servlet.mvc.method.annotation.RequestMappingHandlerMapping]Mapped "{[/user/login],methods=[POST],params=[],headers=[],consumes=[],produces=[],custom=[]}" onto private java.lang.String edu.ustc.controller.UserController.login(javax.servlet.http.HttpServletRequest,org.springframework.ui.Model)
[INFO] [2017-05-24 16:03:42][org.springframework.context.support.GenericApplicationContext]Closing org.springframework.context.support.GenericApplicationContext@32d992b2: startup date [Wed May 24 16:03:39 CST 2017]; root of context hierarchy
